[0m17:44:38.797871 [debug] [MainThread]: Sending event: {'category': 'dbt', 'action': 'invocation', 'label': 'start', 'context': [<snowplow_tracker.self_describing_json.SelfDescribingJson object at 0x000001C77CFEEB90>, <snowplow_tracker.self_describing_json.SelfDescribingJson object at 0x000001C77A41BAD0>, <snowplow_tracker.self_describing_json.SelfDescribingJson object at 0x000001C77D1A3890>]}


============================== 17:44:38.799872 | a93488ff-6931-470a-816d-08ab9560d84f ==============================
[0m17:44:38.799872 [info ] [MainThread]: Running with dbt=1.6.1
[0m17:44:38.800872 [debug] [MainThread]: running dbt with arguments {'static_parser': 'True', 'no_print': 'None', 'version_check': 'True', 'target_path': 'None', 'warn_error_options': 'WarnErrorOptions(include=[], exclude=[])', 'printer_width': '80', 'write_json': 'True', 'introspect': 'True', 'log_cache_events': 'False', 'cache_selected_only': 'False', 'log_format': 'default', 'debug': 'False', 'fail_fast': 'False', 'partial_parse': 'True', 'send_anonymous_usage_stats': 'True', 'quiet': 'False', 'warn_error': 'None', 'profiles_dir': 'C:\\Users\\mahad\\.dbt', 'use_colors': 'True', 'indirect_selection': 'eager', 'invocation_command': 'dbt init', 'use_experimental_parser': 'False', 'log_path': 'logs'}
[0m17:44:38.802911 [warn ] [MainThread]: [ConfigFolderDirectory]: Unable to parse dict {'dir': WindowsPath('C:/Users/mahad/.dbt')}
[0m17:44:38.802911 [info ] [MainThread]: Creating dbt configuration folder at 
[0m17:45:02.317648 [debug] [MainThread]: Starter project path: D:\Personal projects\Data Engineering projects\DBT\env\Lib\site-packages\dbt\include\starter_project
[0m17:45:02.460008 [info ] [MainThread]: 
Your new dbt project "nyc_parking_violations_md" was created!

For more information on how to configure the profiles.yml file,
please consult the dbt documentation here:

  https://docs.getdbt.com/docs/configure-your-profile

One more thing:

Need help? Don't hesitate to reach out to us via GitHub issues or on Slack:

  https://community.getdbt.com/

Happy modeling!

[0m17:45:02.461928 [info ] [MainThread]: Setting up your profile.
[0m17:45:06.697670 [info ] [MainThread]: No sample profile found for duckdb.
[0m17:45:06.698666 [debug] [MainThread]: Command `dbt init` succeeded at 17:45:06.698666 after 27.91 seconds
[0m17:45:06.698666 [debug] [MainThread]: Sending event: {'category': 'dbt', 'action': 'invocation', 'label': 'end', 'context': [<snowplow_tracker.self_describing_json.SelfDescribingJson object at 0x000001C77CF34A90>, <snowplow_tracker.self_describing_json.SelfDescribingJson object at 0x000001C77D12C190>, <snowplow_tracker.self_describing_json.SelfDescribingJson object at 0x000001C77CF23050>]}
[0m17:45:06.699667 [debug] [MainThread]: Flushing usage events
[0m18:53:03.858338 [debug] [MainThread]: Sending event: {'category': 'dbt', 'action': 'invocation', 'label': 'start', 'context': [<snowplow_tracker.self_describing_json.SelfDescribingJson object at 0x00000279B38EB310>, <snowplow_tracker.self_describing_json.SelfDescribingJson object at 0x00000279B38DFC50>, <snowplow_tracker.self_describing_json.SelfDescribingJson object at 0x00000279B3FEB410>]}


============================== 18:53:03.860337 | ab420fb3-6bc2-4594-9e24-69a24e30af76 ==============================
[0m18:53:03.860337 [info ] [MainThread]: Running with dbt=1.6.1
[0m18:53:03.861344 [debug] [MainThread]: running dbt with arguments {'static_parser': 'True', 'no_print': 'None', 'version_check': 'True', 'target_path': 'None', 'warn_error_options': 'WarnErrorOptions(include=[], exclude=[])', 'printer_width': '80', 'write_json': 'True', 'introspect': 'True', 'log_cache_events': 'False', 'cache_selected_only': 'False', 'log_format': 'default', 'debug': 'False', 'fail_fast': 'False', 'profiles_dir': 'C:\\Users\\mahad\\.dbt', 'send_anonymous_usage_stats': 'True', 'quiet': 'False', 'warn_error': 'None', 'partial_parse': 'True', 'invocation_command': 'dbt debug', 'indirect_selection': 'eager', 'use_colors': 'True', 'use_experimental_parser': 'False', 'log_path': 'logs'}
[0m18:53:03.861344 [info ] [MainThread]: dbt version: 1.6.1
[0m18:53:03.862337 [info ] [MainThread]: python version: 3.11.9
[0m18:53:03.863338 [info ] [MainThread]: python path: d:\Personal projects\Data Engineering projects\DBT\.venv\Scripts\python.exe
[0m18:53:03.863338 [info ] [MainThread]: os info: Windows-10-10.0.26200-SP0
[0m18:53:03.863338 [info ] [MainThread]: Using profiles dir at C:\Users\mahad\.dbt
[0m18:53:03.864342 [info ] [MainThread]: Using profiles.yml file at C:\Users\mahad\.dbt\profiles.yml
[0m18:53:03.864342 [info ] [MainThread]: Using dbt_project.yml file at D:\Personal projects\Data Engineering projects\DBT\dbt_project.yml
[0m18:53:03.864342 [info ] [MainThread]: Configuration:
[0m18:53:03.864342 [info ] [MainThread]:   profiles.yml file [[31mERROR not found[0m]
[0m18:53:03.865822 [info ] [MainThread]:   dbt_project.yml file [[31mERROR not found[0m]
[0m18:53:03.865822 [info ] [MainThread]: Required dependencies:
[0m18:53:03.865822 [debug] [MainThread]: Executing "git --help"
[0m18:53:03.887909 [debug] [MainThread]: STDOUT: "b"usage: git [-v | --version] [-h | --help] [-C <path>] [-c <name>=<value>]\n           [--exec-path[=<path>]] [--html-path] [--man-path] [--info-path]\n           [-p | --paginate | -P | --no-pager] [--no-replace-objects] [--no-lazy-fetch]\n           [--no-optional-locks] [--no-advice] [--bare] [--git-dir=<path>]\n           [--work-tree=<path>] [--namespace=<name>] [--config-env=<name>=<envvar>]\n           <command> [<args>]\n\nThese are common Git commands used in various situations:\n\nstart a working area (see also: git help tutorial)\n   clone      Clone a repository into a new directory\n   init       Create an empty Git repository or reinitialize an existing one\n\nwork on the current change (see also: git help everyday)\n   add        Add file contents to the index\n   mv         Move or rename a file, a directory, or a symlink\n   restore    Restore working tree files\n   rm         Remove files from the working tree and from the index\n\nexamine the history and state (see also: git help revisions)\n   bisect     Use binary search to find the commit that introduced a bug\n   diff       Show changes between commits, commit and working tree, etc\n   grep       Print lines matching a pattern\n   log        Show commit logs\n   show       Show various types of objects\n   status     Show the working tree status\n\ngrow, mark and tweak your common history\n   backfill   Download missing objects in a partial clone\n   branch     List, create, or delete branches\n   commit     Record changes to the repository\n   merge      Join two or more development histories together\n   rebase     Reapply commits on top of another base tip\n   reset      Reset current HEAD to the specified state\n   switch     Switch branches\n   tag        Create, list, delete or verify a tag object signed with GPG\n\ncollaborate (see also: git help workflows)\n   fetch      Download objects and refs from another repository\n   pull       Fetch from and integrate with another repository or a local branch\n   push       Update remote refs along with associated objects\n\n'git help -a' and 'git help -g' list available subcommands and some\nconcept guides. See 'git help <command>' or 'git help <concept>'\nto read about a specific subcommand or concept.\nSee 'git help git' for an overview of the system.\n""
[0m18:53:03.887909 [debug] [MainThread]: STDERR: "b''"
[0m18:53:03.887909 [info ] [MainThread]:  - git [[32mOK found[0m]

[0m18:53:03.888908 [info ] [MainThread]: Connection test skipped since no profile was found
[0m18:53:03.888908 [info ] [MainThread]: [31m2 checks failed:[0m
[0m18:53:03.888908 [info ] [MainThread]: dbt looked for a profiles.yml file in C:\Users\mahad\.dbt\profiles.yml, but did
not find one. For more information on configuring your profile, consult the
documentation:

https://docs.getdbt.com/docs/configure-your-profile


[0m18:53:03.889908 [info ] [MainThread]: Project loading failed for the following reason:
 project path <D:\Personal projects\Data Engineering projects\DBT\dbt_project.yml> not found

[0m18:53:03.889908 [debug] [MainThread]: Command `dbt debug` failed at 18:53:03.889908 after 0.04 seconds
[0m18:53:03.890919 [debug] [MainThread]: Sending event: {'category': 'dbt', 'action': 'invocation', 'label': 'end', 'context': [<snowplow_tracker.self_describing_json.SelfDescribingJson object at 0x00000279B3B64A10>, <snowplow_tracker.self_describing_json.SelfDescribingJson object at 0x00000279B3B9DC10>, <snowplow_tracker.self_describing_json.SelfDescribingJson object at 0x00000279B3B9DB90>]}
[0m18:53:03.890919 [debug] [MainThread]: Flushing usage events
